<?xml version="1.0" encoding="UTF-8"?>
<robot generator="Robot 3.1.1 (Python 3.7.2 on win32)" generated="20190304 17:01:34.807" rpa="false">
<suite id="s1" name="TestSuite1" source="C:\Users\Home\eclipse-workspace\RobotProject1\test\TestSuite1.robot">
<kw name="Log" library="BuiltIn" type="setup">
<doc>Logs the given message with the given level.</doc>
<arguments>
<arg>I am inside Test Suite setup</arg>
</arguments>
<msg timestamp="20190304 17:01:35.521" level="INFO">I am inside Test Suite setup</msg>
<status status="PASS" starttime="20190304 17:01:35.521" endtime="20190304 17:01:35.522"></status>
</kw>
<test id="s1-t1" name="MyFirstTest">
<kw name="Log" library="BuiltIn" type="setup">
<doc>Logs the given message with the given level.</doc>
<arguments>
<arg>I am inside Test Setup</arg>
</arguments>
<msg timestamp="20190304 17:01:35.524" level="INFO">I am inside Test Setup</msg>
<status status="PASS" starttime="20190304 17:01:35.524" endtime="20190304 17:01:35.525"></status>
</kw>
<kw name="Log" library="BuiltIn">
<doc>Logs the given message with the given level.</doc>
<arguments>
<arg>Hello World...</arg>
</arguments>
<msg timestamp="20190304 17:01:35.527" level="INFO">Hello World...</msg>
<status status="PASS" starttime="20190304 17:01:35.526" endtime="20190304 17:01:35.527"></status>
</kw>
<kw name="Log" library="BuiltIn" type="teardown">
<doc>Logs the given message with the given level.</doc>
<arguments>
<arg>I am inside Test Teardown</arg>
</arguments>
<msg timestamp="20190304 17:01:35.529" level="INFO">I am inside Test Teardown</msg>
<status status="PASS" starttime="20190304 17:01:35.528" endtime="20190304 17:01:35.529"></status>
</kw>
<tags>
<tag>smoke</tag>
</tags>
<status status="PASS" starttime="20190304 17:01:35.522" endtime="20190304 17:01:35.530" critical="yes"></status>
</test>
<kw name="Log" library="BuiltIn" type="teardown">
<doc>Logs the given message with the given level.</doc>
<arguments>
<arg>I am inside Test Suite Teardown</arg>
</arguments>
<msg timestamp="20190304 17:01:35.534" level="INFO">I am inside Test Suite Teardown</msg>
<status status="PASS" starttime="20190304 17:01:35.533" endtime="20190304 17:01:35.535"></status>
</kw>
<status status="PASS" starttime="20190304 17:01:34.877" endtime="20190304 17:01:35.535"></status>
</suite>
<statistics>
<total>
<stat pass="1" fail="0">Critical Tests</stat>
<stat pass="1" fail="0">All Tests</stat>
</total>
<tag>
<stat pass="1" fail="0">smoke</stat>
</tag>
<suite>
<stat pass="1" fail="0" id="s1" name="TestSuite1">TestSuite1</stat>
</suite>
</statistics>
<errors>
</errors>
</robot>
